var myVar=5
undefined
myVar
5
5 + 5
10
myVar + 10
15
myVar
5
myVar = myVar + 10
15
myVar
15
10 - 5
5
myVar - 3
12
myVar = myVar - 5
10
myVar
10
10 * 10
100
20 / 10
2
myVar = myVar / 2
5
myVar
5
5 + 5
10
5 + "hello"
"5hello"
100 + "hello"
"100hello"
"hello + "david"
VM1006:1 Uncaught SyntaxError: Unexpected identifier
"hello" + "david"
"hellodavid"
"hello" + " david"
"hello david"
5 * "hello"
NaN
myVar += 5
10
var myVar = 10
undefined
myVar += 5
15
myVar +=5
20
myVar
20
myVar -= 10
10
myVar
10
myVar /= 2
5
myVar
5
myVar *= 5
25
myVar
25
myVar ++
25
myVar ++
26
var myV
undefined
var myVar = "Roger"
undefined
document.writer(myVar)
VM1555:1 Uncaught TypeError: document.writer is not a function
    at <anonymous>:1:10
(anonymous) @ VM1555:1
document.write(myVar)
undefined
console.log(myVar)
VM1711:1 Roger
undefined
